# JRE version: OpenJDK Runtime Environment (8.0_242-b01) (build 1.8.0_242-release-1644-b01)
# Java VM: OpenJDK 64-Bit Server VM (25.242-b01 mixed mode windows-amd64 compressed oops)
Heap:
 PSYoungGen      total 306176K, used 291963K [0x00000000d5580000, 0x00000000ec180000, 0x0000000100000000)
  eden space 264192K, 99% used [0x00000000d5580000,0x00000000e570e990,0x00000000e5780000)
  from space 41984K, 67% used [0x00000000e9880000,0x00000000eb410608,0x00000000ec180000)
  to   space 54272K, 31% used [0x00000000e5780000,0x00000000e68583a8,0x00000000e8c80000)
 ParOldGen       total 1398272K, used 105382K [0x0000000080000000, 0x00000000d5580000, 0x00000000d5580000)
  object space 1398272K, 7% used [0x0000000080000000,0x00000000866e9970,0x00000000d5580000)
 Metaspace       used 116793K, capacity 125827K, committed 125976K, reserved 1159168K
  class space    used 15062K, capacity 16612K, committed 16688K, reserved 1048576K
GC Heap History (10 events):
Event: 8248.828 GC heap after
Heap after GC invocations=32 (full 4):
 PSYoungGen      total 329216K, used 20975K [0x00000000d5580000, 0x00000000f0d00000, 0x0000000100000000)
  eden space 308224K, 0% used [0x00000000d5580000,0x00000000d5580000,0x00000000e8280000)
  from space 20992K, 99% used [0x00000000ef880000,0x00000000f0cfbce0,0x00000000f0d00000)
  to   space 61952K, 0% used [0x00000000e9400000,0x00000000e9400000,0x00000000ed080000)
 ParOldGen       total 186368K, used 105350K [0x0000000080000000, 0x000000008b600000, 0x00000000d5580000)
  object space 186368K, 56% used [0x0000000080000000,0x00000000866e1970,0x000000008b600000)
 Metaspace       used 114789K, capacity 122081K, committed 122392K, reserved 1155072K
  class space    used 14766K, capacity 16061K, committed 16176K, reserved 1048576K
}
Event: 8724.714 GC heap before
{Heap before GC invocations=33 (full 4):
 PSYoungGen      total 329216K, used 329199K [0x00000000d5580000, 0x00000000f0d00000, 0x0000000100000000)
  eden space 308224K, 100% used [0x00000000d5580000,0x00000000e8280000,0x00000000e8280000)
  from space 20992K, 99% used [0x00000000ef880000,0x00000000f0cfbce0,0x00000000f0d00000)
  to   space 61952K, 0% used [0x00000000e9400000,0x00000000e9400000,0x00000000ed080000)
 ParOldGen       total 186368K, used 105350K [0x0000000080000000, 0x000000008b600000, 0x00000000d5580000)
  object space 186368K, 56% used [0x0000000080000000,0x00000000866e1970,0x000000008b600000)
 Metaspace       used 114887K, capacity 122219K, committed 122392K, reserved 1155072K
  class space    used 14767K, capacity 16062K, committed 16176K, reserved 1048576K
Event: 8724.818 GC heap after
Heap after GC invocations=33 (full 4):
 PSYoungGen      total 320000K, used 23207K [0x00000000d5580000, 0x00000000ef900000, 0x0000000100000000)
  eden space 296448K, 0% used [0x00000000d5580000,0x00000000d5580000,0x00000000e7700000)
  from space 23552K, 98% used [0x00000000e9400000,0x00000000eaaa9c10,0x00000000eab00000)
  to   space 59392K, 0% used [0x00000000ebf00000,0x00000000ebf00000,0x00000000ef900000)
 ParOldGen       total 186368K, used 105358K [0x0000000080000000, 0x000000008b600000, 0x00000000d5580000)
  object space 186368K, 56% used [0x0000000080000000,0x00000000866e3970,0x000000008b600000)
 Metaspace       used 114887K, capacity 122219K, committed 122392K, reserved 1155072K
  class space    used 14767K, capacity 16062K, committed 16176K, reserved 1048576K
}
Event: 8786.801 GC heap before
{Heap before GC invocations=34 (full 4):
 PSYoungGen      total 320000K, used 319655K [0x00000000d5580000, 0x00000000ef900000, 0x0000000100000000)
  eden space 296448K, 100% used [0x00000000d5580000,0x00000000e7700000,0x00000000e7700000)
  from space 23552K, 98% used [0x00000000e9400000,0x00000000eaaa9c10,0x00000000eab00000)
  to   space 59392K, 0% used [0x00000000ebf00000,0x00000000ebf00000,0x00000000ef900000)
 ParOldGen       total 186368K, used 105358K [0x0000000080000000, 0x000000008b600000, 0x00000000d5580000)
  object space 186368K, 56% used [0x0000000080000000,0x00000000866e3970,0x000000008b600000)
 Metaspace       used 115116K, capacity 122431K, committed 122648K, reserved 1155072K
  class space    used 14780K, capacity 16086K, committed 16176K, reserved 1048576K
Event: 8786.891 GC heap after
Heap after GC invocations=34 (full 4):
 PSYoungGen      total 314880K, used 22873K [0x00000000d5580000, 0x00000000edc00000, 0x0000000100000000)
  eden space 285184K, 0% used [0x00000000d5580000,0x00000000d5580000,0x00000000e6c00000)
  from space 29696K, 77% used [0x00000000ebf00000,0x00000000ed5566b0,0x00000000edc00000)
  to   space 57344K, 0% used [0x00000000e6c00000,0x00000000e6c00000,0x00000000ea400000)
 ParOldGen       total 186368K, used 105366K [0x0000000080000000, 0x000000008b600000, 0x00000000d5580000)
  object space 186368K, 56% used [0x0000000080000000,0x00000000866e5970,0x000000008b600000)
 Metaspace       used 115116K, capacity 122431K, committed 122648K, reserved 1155072K
  class space    used 14780K, capacity 16086K, committed 16176K, reserved 1048576K
}
Event: 9191.962 GC heap before
{Heap before GC invocations=35 (full 4):
 PSYoungGen      total 314880K, used 308057K [0x00000000d5580000, 0x00000000edc00000, 0x0000000100000000)
  eden space 285184K, 100% used [0x00000000d5580000,0x00000000e6c00000,0x00000000e6c00000)
  from space 29696K, 77% used [0x00000000ebf00000,0x00000000ed5566b0,0x00000000edc00000)
  to   space 57344K, 0% used [0x00000000e6c00000,0x00000000e6c00000,0x00000000ea400000)
 ParOldGen       total 186368K, used 105366K [0x0000000080000000, 0x000000008b600000, 0x00000000d5580000)
  object space 186368K, 56% used [0x0000000080000000,0x00000000866e5970,0x000000008b600000)
 Metaspace       used 116141K, capacity 124849K, committed 125080K, reserved 1157120K
  class space    used 14981K, capacity 16457K, committed 16560K, reserved 1048576K
Event: 9191.993 GC heap after
Heap after GC invocations=35 (full 4):
 PSYoungGen      total 287744K, used 13232K [0x00000000d5580000, 0x00000000ecf80000, 0x0000000100000000)
  eden space 274432K, 0% used [0x00000000d5580000,0x00000000d5580000,0x00000000e6180000)
  from space 13312K, 99% used [0x00000000e6c00000,0x00000000e78ec398,0x00000000e7900000)
  to   space 56320K, 0% used [0x00000000e9880000,0x00000000e9880000,0x00000000ecf80000)
 ParOldGen       total 186368K, used 105366K [0x0000000080000000, 0x000000008b600000, 0x00000000d5580000)
  object space 186368K, 56% used [0x0000000080000000,0x00000000866e5970,0x000000008b600000)
 Metaspace       used 116141K, capacity 124849K, committed 125080K, reserved 1157120K
  class space    used 14981K, capacity 16457K, committed 16560K, reserved 1048576K
}
Event: 9241.010 GC heap before
{Heap before GC invocations=36 (full 4):
 PSYoungGen      total 287744K, used 287631K [0x00000000d5580000, 0x00000000ecf80000, 0x0000000100000000)
  eden space 274432K, 99% used [0x00000000d5580000,0x00000000e6177c10,0x00000000e6180000)
  from space 13312K, 99% used [0x00000000e6c00000,0x00000000e78ec398,0x00000000e7900000)
  to   space 56320K, 0% used [0x00000000e9880000,0x00000000e9880000,0x00000000ecf80000)
 ParOldGen       total 186368K, used 105366K [0x0000000080000000, 0x000000008b600000, 0x00000000d5580000)
  object space 186368K, 56% used [0x0000000080000000,0x00000000866e5970,0x000000008b600000)
 Metaspace       used 116700K, capacity 125763K, committed 125976K, reserved 1159168K
  class space    used 15062K, capacity 16612K, committed 16688K, reserved 1048576K
Event: 9241.101 GC heap after
Heap after GC invocations=36 (full 4):
 PSYoungGen      total 306176K, used 28225K [0x00000000d5580000, 0x00000000ec180000, 0x0000000100000000)
  eden space 264192K, 0% used [0x00000000d5580000,0x00000000d5580000,0x00000000e5780000)
  from space 41984K, 67% used [0x00000000e9880000,0x00000000eb410608,0x00000000ec180000)
  to   space 54272K, 0% used [0x00000000e5780000,0x00000000e5780000,0x00000000e8c80000)
 ParOldGen       total 186368K, used 105374K [0x0000000080000000, 0x000000008b600000, 0x00000000d5580000)
  object space 186368K, 56% used [0x0000000080000000,0x00000000866e7970,0x000000008b600000)
 Metaspace       used 116700K, capacity 125763K, committed 125976K, reserved 1159168K
  class space    used 15062K, capacity 16612K, committed 16688K, reserved 1048576K
}
Event: 9245.694 GC heap before
{Heap before GC invocations=37 (full 4):
 PSYoungGen      total 306176K, used 291963K [0x00000000d5580000, 0x00000000ec180000, 0x0000000100000000)
  eden space 264192K, 99% used [0x00000000d5580000,0x00000000e570e990,0x00000000e5780000)
  from space 41984K, 67% used [0x00000000e9880000,0x00000000eb410608,0x00000000ec180000)
  to   space 54272K, 0% used [0x00000000e5780000,0x00000000e5780000,0x00000000e8c80000)
 ParOldGen       total 186368K, used 105374K [0x0000000080000000, 0x000000008b600000, 0x00000000d5580000)
  object space 186368K, 56% used [0x0000000080000000,0x00000000866e7970,0x000000008b600000)
 Metaspace       used 116793K, capacity 125827K, committed 125976K, reserved 1159168K
  class space    used 15062K, capacity 16612K, committed 16688K, reserved 1048576K

