# JRE version: OpenJDK Runtime Environment (8.0_242-b01) (build 1.8.0_242-release-1644-b01)
# Java VM: OpenJDK 64-Bit Server VM (25.242-b01 mixed mode windows-amd64 compressed oops)
Heap:
 PSYoungGen      total 186880K, used 170750K [0x00000000d5580000, 0x00000000e2400000, 0x0000000100000000)
  eden space 175104K, 91% used [0x00000000d5580000,0x00000000df1372a8,0x00000000e0080000)
  from space 11776K, 95% used [0x00000000e1880000,0x00000000e23888a0,0x00000000e2400000)
  to   space 13824K, 0% used [0x00000000e0900000,0x00000000e0900000,0x00000000e1680000)
 ParOldGen       total 70144K, used 17137K [0x0000000080000000, 0x0000000084480000, 0x00000000d5580000)
  object space 70144K, 24% used [0x0000000080000000,0x00000000810bc720,0x0000000084480000)
 Metaspace       used 53643K, capacity 55778K, committed 55848K, reserved 1097728K
  class space    used 7244K, capacity 7686K, committed 7728K, reserved 1048576K
GC Heap History (10 events):
Event: 7.040 GC heap before
{Heap before GC invocations=8 (full 1):
 PSYoungGen      total 76800K, used 3808K [0x00000000d5580000, 0x00000000dea80000, 0x0000000100000000)
  eden space 65536K, 0% used [0x00000000d5580000,0x00000000d5580000,0x00000000d9580000)
  from space 11264K, 33% used [0x00000000d9580000,0x00000000d9938030,0x00000000da080000)
  to   space 10752K, 0% used [0x00000000de000000,0x00000000de000000,0x00000000dea80000)
 ParOldGen       total 87552K, used 8699K [0x0000000080000000, 0x0000000085580000, 0x00000000d5580000)
  object space 87552K, 9% used [0x0000000080000000,0x000000008087ec48,0x0000000085580000)
 Metaspace       used 20592K, capacity 21216K, committed 21296K, reserved 1067008K
  class space    used 2873K, capacity 3076K, committed 3120K, reserved 1048576K
Event: 7.101 GC heap after
Heap after GC invocations=8 (full 1):
 PSYoungGen      total 76800K, used 0K [0x00000000d5580000, 0x00000000dea80000, 0x0000000100000000)
  eden space 65536K, 0% used [0x00000000d5580000,0x00000000d5580000,0x00000000d9580000)
  from space 11264K, 0% used [0x00000000d9580000,0x00000000d9580000,0x00000000da080000)
  to   space 10752K, 0% used [0x00000000de000000,0x00000000de000000,0x00000000dea80000)
 ParOldGen       total 47616K, used 6753K [0x0000000080000000, 0x0000000082e80000, 0x00000000d5580000)
  object space 47616K, 14% used [0x0000000080000000,0x00000000806985d8,0x0000000082e80000)
 Metaspace       used 20592K, capacity 21216K, committed 21296K, reserved 1067008K
  class space    used 2873K, capacity 3076K, committed 3120K, reserved 1048576K
}
Event: 8.503 GC heap before
{Heap before GC invocations=9 (full 1):
 PSYoungGen      total 76800K, used 65536K [0x00000000d5580000, 0x00000000dea80000, 0x0000000100000000)
  eden space 65536K, 100% used [0x00000000d5580000,0x00000000d9580000,0x00000000d9580000)
  from space 11264K, 0% used [0x00000000d9580000,0x00000000d9580000,0x00000000da080000)
  to   space 10752K, 0% used [0x00000000de000000,0x00000000de000000,0x00000000dea80000)
 ParOldGen       total 47616K, used 6753K [0x0000000080000000, 0x0000000082e80000, 0x00000000d5580000)
  object space 47616K, 14% used [0x0000000080000000,0x00000000806985d8,0x0000000082e80000)
 Metaspace       used 28840K, capacity 29746K, committed 29872K, reserved 1075200K
  class space    used 3993K, capacity 4225K, committed 4272K, reserved 1048576K
Event: 8.515 GC heap after
Heap after GC invocations=9 (full 1):
 PSYoungGen      total 132096K, used 8489K [0x00000000d5580000, 0x00000000de880000, 0x0000000100000000)
  eden space 123392K, 0% used [0x00000000d5580000,0x00000000d5580000,0x00000000dce00000)
  from space 8704K, 97% used [0x00000000de000000,0x00000000de84a5e8,0x00000000de880000)
  to   space 11264K, 0% used [0x00000000dd280000,0x00000000dd280000,0x00000000ddd80000)
 ParOldGen       total 47616K, used 6761K [0x0000000080000000, 0x0000000082e80000, 0x00000000d5580000)
  object space 47616K, 14% used [0x0000000080000000,0x000000008069a5d8,0x0000000082e80000)
 Metaspace       used 28840K, capacity 29746K, committed 29872K, reserved 1075200K
  class space    used 3993K, capacity 4225K, committed 4272K, reserved 1048576K
}
Event: 10.691 GC heap before
{Heap before GC invocations=10 (full 1):
 PSYoungGen      total 132096K, used 101916K [0x00000000d5580000, 0x00000000de880000, 0x0000000100000000)
  eden space 123392K, 75% used [0x00000000d5580000,0x00000000db0bcb88,0x00000000dce00000)
  from space 8704K, 97% used [0x00000000de000000,0x00000000de84a5e8,0x00000000de880000)
  to   space 11264K, 0% used [0x00000000dd280000,0x00000000dd280000,0x00000000ddd80000)
 ParOldGen       total 47616K, used 6761K [0x0000000080000000, 0x0000000082e80000, 0x00000000d5580000)
  object space 47616K, 14% used [0x0000000080000000,0x000000008069a5d8,0x0000000082e80000)
 Metaspace       used 34309K, capacity 35406K, committed 35496K, reserved 1079296K
  class space    used 4719K, capacity 5002K, committed 5040K, reserved 1048576K
Event: 10.724 GC heap after
Heap after GC invocations=10 (full 1):
 PSYoungGen      total 139264K, used 10854K [0x00000000d5580000, 0x00000000e2500000, 0x0000000100000000)
  eden space 128000K, 0% used [0x00000000d5580000,0x00000000d5580000,0x00000000dd280000)
  from space 11264K, 96% used [0x00000000dd280000,0x00000000ddd19a60,0x00000000ddd80000)
  to   space 12800K, 0% used [0x00000000e1880000,0x00000000e1880000,0x00000000e2500000)
 ParOldGen       total 47616K, used 6769K [0x0000000080000000, 0x0000000082e80000, 0x00000000d5580000)
  object space 47616K, 14% used [0x0000000080000000,0x000000008069c5d8,0x0000000082e80000)
 Metaspace       used 34309K, capacity 35406K, committed 35496K, reserved 1079296K
  class space    used 4719K, capacity 5002K, committed 5040K, reserved 1048576K
}
Event: 10.724 GC heap before
{Heap before GC invocations=11 (full 2):
 PSYoungGen      total 139264K, used 10854K [0x00000000d5580000, 0x00000000e2500000, 0x0000000100000000)
  eden space 128000K, 0% used [0x00000000d5580000,0x00000000d5580000,0x00000000dd280000)
  from space 11264K, 96% used [0x00000000dd280000,0x00000000ddd19a60,0x00000000ddd80000)
  to   space 12800K, 0% used [0x00000000e1880000,0x00000000e1880000,0x00000000e2500000)
 ParOldGen       total 47616K, used 6769K [0x0000000080000000, 0x0000000082e80000, 0x00000000d5580000)
  object space 47616K, 14% used [0x0000000080000000,0x000000008069c5d8,0x0000000082e80000)
 Metaspace       used 34309K, capacity 35406K, committed 35496K, reserved 1079296K
  class space    used 4719K, capacity 5002K, committed 5040K, reserved 1048576K
Event: 10.873 GC heap after
Heap after GC invocations=11 (full 2):
 PSYoungGen      total 139264K, used 0K [0x00000000d5580000, 0x00000000e2500000, 0x0000000100000000)
  eden space 128000K, 0% used [0x00000000d5580000,0x00000000d5580000,0x00000000dd280000)
  from space 11264K, 0% used [0x00000000dd280000,0x00000000dd280000,0x00000000ddd80000)
  to   space 12800K, 0% used [0x00000000e1880000,0x00000000e1880000,0x00000000e2500000)
 ParOldGen       total 70144K, used 17129K [0x0000000080000000, 0x0000000084480000, 0x00000000d5580000)
  object space 70144K, 24% used [0x0000000080000000,0x00000000810ba720,0x0000000084480000)
 Metaspace       used 34309K, capacity 35406K, committed 35496K, reserved 1079296K
  class space    used 4719K, capacity 5002K, committed 5040K, reserved 1048576K
}
Event: 13.991 GC heap before
{Heap before GC invocations=12 (full 2):
 PSYoungGen      total 139264K, used 128000K [0x00000000d5580000, 0x00000000e2500000, 0x0000000100000000)
  eden space 128000K, 100% used [0x00000000d5580000,0x00000000dd280000,0x00000000dd280000)
  from space 11264K, 0% used [0x00000000dd280000,0x00000000dd280000,0x00000000ddd80000)
  to   space 12800K, 0% used [0x00000000e1880000,0x00000000e1880000,0x00000000e2500000)
 ParOldGen       total 70144K, used 17129K [0x0000000080000000, 0x0000000084480000, 0x00000000d5580000)
  object space 70144K, 24% used [0x0000000080000000,0x00000000810ba720,0x0000000084480000)
 Metaspace       used 40727K, capacity 42458K, committed 42664K, reserved 1085440K
  class space    used 5584K, capacity 5975K, committed 6064K, reserved 1048576K
Event: 14.010 GC heap after
Heap after GC invocations=12 (full 2):
 PSYoungGen      total 186880K, used 11298K [0x00000000d5580000, 0x00000000e2400000, 0x0000000100000000)
  eden space 175104K, 0% used [0x00000000d5580000,0x00000000d5580000,0x00000000e0080000)
  from space 11776K, 95% used [0x00000000e1880000,0x00000000e23888a0,0x00000000e2400000)
  to   space 13824K, 0% used [0x00000000e0900000,0x00000000e0900000,0x00000000e1680000)
 ParOldGen       total 70144K, used 17137K [0x0000000080000000, 0x0000000084480000, 0x00000000d5580000)
  object space 70144K, 24% used [0x0000000080000000,0x00000000810bc720,0x0000000084480000)
 Metaspace       used 40727K, capacity 42458K, committed 42664K, reserved 1085440K
  class space    used 5584K, capacity 5975K, committed 6064K, reserved 1048576K
}

